AndroidApp/app/build/intermediates/manifest_merge_blame_file/debug/manifest-merger-blame-debug-report.txt
1<?xml version="1.0" encoding="utf-8"?>
2<manifest xmlns:android="http://schemas.android.com/apk/res/android"
3    package="t.app.androidApp"
4    android:versionCode="1"
5    android:versionName="1.0" >
6
7    <uses-sdk
8        android:minSdkVersion="19"
8-->src/main/AndroidManifest.xml
9        android:targetSdkVersion="30" />
9-->src/main/AndroidManifest.xml
10
11    <uses-permission android:name="android.permission.INTERNET" />
11-->src/main/AndroidManifest.xml:4:5-66
11-->src/main/AndroidManifest.xml:4:22-64
12    <uses-permission android:name="android.permission.ACCESS_NETWORK_STATE" />
12-->src/main/AndroidManifest.xml:5:5-78
12-->src/main/AndroidManifest.xml:5:22-76
13
14    <uses-feature
14-->[com.google.android.gms:play-services-maps:17.0.0] AndroidManifest.xml:26:5-28:35
15        android:glEsVersion="0x00020000"
15-->[com.google.android.gms:play-services-maps:17.0.0] AndroidManifest.xml:27:9-41
16        android:required="true" /> <!-- Permission will be merged into the manifest of the hosting app. -->
16-->[com.google.android.gms:play-services-maps:17.0.0] AndroidManifest.xml:28:9-32
17    <!-- Is required to launch foreground extraction service for targetSdkVersion 28+. -->
18    <uses-permission android:name="android.permission.FOREGROUND_SERVICE" />
18-->[com.google.android.play:core:1.7.2] AndroidManifest.xml:8:3-74
18-->[com.google.android.play:core:1.7.2] AndroidManifest.xml:8:20-72
19
20    <application
20-->src/main/AndroidManifest.xml:7:5-28:19
21        android:name="t.app.androidApp.MainApplication"
21-->src/main/AndroidManifest.xml:8:9-40
22        android:allowBackup="true"
22-->src/main/AndroidManifest.xml:9:9-35
23        android:appComponentFactory="androidx.core.app.CoreComponentFactory"
23-->[androidx.core:core:1.3.2] AndroidManifest.xml:24:18-86
24        android:debuggable="true"
25        android:icon="@mipmap/ic_launcher"
25-->src/main/AndroidManifest.xml:11:9-43
26        android:label="AndroidApp"
26-->src/main/AndroidManifest.xml:12:9-35
27        android:roundIcon="@mipmap/ic_launcher_round"
27-->src/main/AndroidManifest.xml:13:9-54
28        android:supportsRtl="true"
28-->src/main/AndroidManifest.xml:14:9-35
29        android:testOnly="true"
30        android:theme="@style/Material"
30-->src/main/AndroidManifest.xml:15:9-40
31        android:usesCleartextTraffic="true" >
31-->src/main/AndroidManifest.xml:10:9-44
32        <activity
32-->src/main/AndroidManifest.xml:16:9-25:20
33            android:name="t.app.androidApp.Activity1.MainActivity"
33-->src/main/AndroidManifest.xml:17:13-67
34            android:label="@string/app_name"
34-->src/main/AndroidManifest.xml:18:13-45
35            android:theme="@style/Material.NoActionBar" >
35-->src/main/AndroidManifest.xml:19:13-56
36            <intent-filter>
36-->src/main/AndroidManifest.xml:20:13-24:29
37                <action android:name="android.intent.action.MAIN" />
37-->src/main/AndroidManifest.xml:21:17-69
37-->src/main/AndroidManifest.xml:21:25-66
38
39                <category android:name="android.intent.category.LAUNCHER" />
39-->src/main/AndroidManifest.xml:23:17-77
39-->src/main/AndroidManifest.xml:23:27-74
40            </intent-filter>
41        </activity>
42        <activity
42-->src/main/AndroidManifest.xml:26:9-27:56
43            android:name="t.app.androidApp.SecondActivity"
43-->src/main/AndroidManifest.xml:26:19-49
44            android:theme="@style/Material" />
44-->src/main/AndroidManifest.xml:27:13-44
45        <!-- Needs to be explicitly declared on P+ -->
46        <uses-library
46-->[com.google.android.gms:play-services-maps:17.0.0] AndroidManifest.xml:33:9-35:40
47            android:name="org.apache.http.legacy"
47-->[com.google.android.gms:play-services-maps:17.0.0] AndroidManifest.xml:34:13-50
48            android:required="false" />
48-->[com.google.android.gms:play-services-maps:17.0.0] AndroidManifest.xml:35:13-37
49
50        <activity
50-->[com.google.android.gms:play-services-base:17.0.0] AndroidManifest.xml:23:9-26:75
51            android:name="com.google.android.gms.common.api.GoogleApiActivity"
51-->[com.google.android.gms:play-services-base:17.0.0] AndroidManifest.xml:24:13-79
52            android:exported="false"
52-->[com.google.android.gms:play-services-base:17.0.0] AndroidManifest.xml:25:13-37
53            android:theme="@android:style/Theme.Translucent.NoTitleBar" />
53-->[com.google.android.gms:play-services-base:17.0.0] AndroidManifest.xml:26:13-72
54
55        <meta-data
55-->[com.google.android.gms:play-services-basement:17.0.0] AndroidManifest.xml:23:9-25:69
56            android:name="com.google.android.gms.version"
56-->[com.google.android.gms:play-services-basement:17.0.0] AndroidManifest.xml:24:13-58
57            android:value="@integer/google_play_services_version" />
57-->[com.google.android.gms:play-services-basement:17.0.0] AndroidManifest.xml:25:13-66
58
59        <provider
59-->[androidx.lifecycle:lifecycle-process:2.0.0] AndroidManifest.xml:23:9-27:43
60            android:name="androidx.lifecycle.ProcessLifecycleOwnerInitializer"
60-->[androidx.lifecycle:lifecycle-process:2.0.0] AndroidManifest.xml:24:13-79
61            android:authorities="t.app.androidApp.lifecycle-process"
61-->[androidx.lifecycle:lifecycle-process:2.0.0] AndroidManifest.xml:25:13-69
62            android:exported="false"
62-->[androidx.lifecycle:lifecycle-process:2.0.0] AndroidManifest.xml:26:13-37
63            android:multiprocess="true" /> <!-- The activities will be merged into the manifest of the hosting app. -->
63-->[androidx.lifecycle:lifecycle-process:2.0.0] AndroidManifest.xml:27:13-40
64        <activity
64-->[com.google.android.play:core:1.7.2] AndroidManifest.xml:12:5-271
65            android:name="com.google.android.play.core.missingsplits.PlayCoreMissingSplitsActivity"
65-->[com.google.android.play:core:1.7.2] AndroidManifest.xml:12:15-102
66            android:enabled="false"
66-->[com.google.android.play:core:1.7.2] AndroidManifest.xml:12:103-126
67            android:exported="false"
67-->[com.google.android.play:core:1.7.2] AndroidManifest.xml:12:127-151
68            android:launchMode="singleInstance"
68-->[com.google.android.play:core:1.7.2] AndroidManifest.xml:12:204-239
69            android:process=":playcore_missing_splits_activity"
69-->[com.google.android.play:core:1.7.2] AndroidManifest.xml:12:152-203
70            android:stateNotNeeded="true" />
70-->[com.google.android.play:core:1.7.2] AndroidManifest.xml:12:240-269
71        <activity
71-->[com.google.android.play:core:1.7.2] AndroidManifest.xml:13:5-226
72            android:name="com.google.android.play.core.common.PlayCoreDialogWrapperActivity"
72-->[com.google.android.play:core:1.7.2] AndroidManifest.xml:13:15-95
73            android:enabled="false"
73-->[com.google.android.play:core:1.7.2] AndroidManifest.xml:13:96-119
74            android:exported="false"
74-->[com.google.android.play:core:1.7.2] AndroidManifest.xml:13:120-144
75            android:stateNotNeeded="true"
75-->[com.google.android.play:core:1.7.2] AndroidManifest.xml:13:145-174
76            android:theme="@style/Theme.PlayCore.Transparent" /> <!-- The service will be merged into the manifest of the hosting app. -->
76-->[com.google.android.play:core:1.7.2] AndroidManifest.xml:13:175-224
77        <service
77-->[com.google.android.play:core:1.7.2] AndroidManifest.xml:16:5-145
78            android:name="com.google.android.play.core.assetpacks.AssetPackExtractionService"
78-->[com.google.android.play:core:1.7.2] AndroidManifest.xml:16:14-95
79            android:enabled="false"
79-->[com.google.android.play:core:1.7.2] AndroidManifest.xml:16:96-119
80            android:exported="true" />
80-->[com.google.android.play:core:1.7.2] AndroidManifest.xml:16:120-143
81    </application>
82
83</manifest>